[hellow] flutter create --ios-language swift --android-language kotlin .
   Woah! You appear to be trying to run flutter as root.
   We strongly recommend running the flutter tool without superuser privileges.
  /
📎
Creating project ....
  README.md (created)
  .metadata (created)
  .idea/runConfigurations/main_dart.xml (created)
  .idea/libraries/Dart_SDK.xml (created)
  .idea/libraries/KotlinJavaRuntime.xml (created)
  .idea/modules.xml (created)
  .idea/workspace.xml (created)
  pubspec.yaml (created)
  lib/main.dart (created)
  ios/.gitignore (created)
  ios/Runner.xcworkspace/xcshareddata/WorkspaceSettings.xcsettings (created)
  ios/Runner.xcworkspace/xcshareddata/IDEWorkspaceChecks.plist (created)
  ios/Runner.xcworkspace/contents.xcworkspacedata (created)
  ios/Flutter/Release.xcconfig (created)
  ios/Flutter/AppFrameworkInfo.plist (created)
  ios/Flutter/Debug.xcconfig (created)
  ios/Runner/Assets.xcassets/AppIcon.appiconset/Icon-App-76x76@2x.png (created)
  ios/Runner/Assets.xcassets/AppIcon.appiconset/Icon-App-29x29@1x.png (created)
  ios/Runner/Assets.xcassets/AppIcon.appiconset/Icon-App-60x60@2x.png (created)
  ios/Runner/Assets.xcassets/AppIcon.appiconset/Icon-App-29x29@2x.png (created)
  ios/Runner/Assets.xcassets/AppIcon.appiconset/Icon-App-1024x1024@1x.png (created)
  ios/Runner/Assets.xcassets/AppIcon.appiconset/Icon-App-29x29@3x.png (created)
  ios/Runner/Assets.xcassets/AppIcon.appiconset/Icon-App-76x76@1x.png (created)
  ios/Runner/Assets.xcassets/AppIcon.appiconset/Icon-App-40x40@1x.png (created)
  ios/Runner/Assets.xcassets/AppIcon.appiconset/Icon-App-60x60@3x.png (created)
  ios/Runner/Assets.xcassets/AppIcon.appiconset/Icon-App-20x20@3x.png (created)
  ios/Runner/Assets.xcassets/AppIcon.appiconset/Icon-App-20x20@2x.png (created)
  ios/Runner/Assets.xcassets/AppIcon.appiconset/Icon-App-40x40@2x.png (created)
  ios/Runner/Assets.xcassets/AppIcon.appiconset/Icon-App-40x40@3x.png (created)
  ios/Runner/Assets.xcassets/AppIcon.appiconset/Contents.json (created)
  ios/Runner/Assets.xcassets/AppIcon.appiconset/Icon-App-20x20@1x.png (created)
  ios/Runner/Assets.xcassets/AppIcon.appiconset/Icon-App-83.5x83.5@2x.png (created)
  ios/Runner/Assets.xcassets/LaunchImage.imageset/README.md (created)
  ios/Runner/Assets.xcassets/LaunchImage.imageset/LaunchImage@3x.png (created)
  ios/Runner/Assets.xcassets/LaunchImage.imageset/LaunchImage.png (created)
  ios/Runner/Assets.xcassets/LaunchImage.imageset/LaunchImage@2x.png (created)
  ios/Runner/Assets.xcassets/LaunchImage.imageset/Contents.json (created)
  ios/Runner/Info.plist (created)
  ios/Runner/Base.lproj/Main.storyboard (created)
  ios/Runner/Base.lproj/LaunchScreen.storyboard (created)
  ios/Runner.xcodeproj/xcshareddata/xcschemes/Runner.xcscheme (created)
  ios/Runner.xcodeproj/project.xcworkspace/xcshareddata/WorkspaceSettings.xcsettings (created)
  ios/Runner.xcodeproj/project.xcworkspace/xcshareddata/IDEWorkspaceChecks.plist (created)
  ios/Runner.xcodeproj/project.xcworkspace/contents.xcworkspacedata (created)
  .gitignore (created)
  ios/Runner/Runner-Bridging-Header.h (created)
  ios/Runner/AppDelegate.swift (created)
  ios/Runner.xcodeproj/project.pbxproj (created)
  android/app/src/main/kotlin/com/example/hellow/MainActivity.kt (created)
  android/app/build.gradle (created)
  android/hellow_android.iml (created)
  android/build.gradle (created)
  hellow.iml (created)
  android/app/src/debug/AndroidManifest.xml (created)
  android/app/src/main/res/mipmap-mdpi/ic_launcher.png (created)
  android/app/src/main/res/mipmap-xxhdpi/ic_launcher.png (created)
  android/app/src/main/res/values/styles.xml (created)
  android/app/src/main/res/drawable/launch_background.xml (created)
  android/app/src/main/res/mipmap-xxxhdpi/ic_launcher.png (created)
  android/app/src/main/res/mipmap-xhdpi/ic_launcher.png (created)
  android/app/src/main/res/mipmap-hdpi/ic_launcher.png (created)
  android/app/src/main/AndroidManifest.xml (created)
  android/app/src/profile/AndroidManifest.xml (created)
  android/.gitignore (created)
  android/gradle.properties (created)
  android/gradle/wrapper/gradle-wrapper.properties (created)
  android/settings.gradle (created)
  test/widget_test.dart (created)
Running "flutter pub get" in hellow...                              5.3s
Wrote 71 files.

All done!
[✓] Flutter: is fully installed. (Channel stable, 1.20.4, on Linux, locale en_US.UTF-8)
[✓] Android toolchain - develop for Android devices: is fully installed. (Android SDK version 30.0.2)
[✓] Android Studio: is fully installed. (version 4.0)
[!] Connected device: is not available.

Run "flutter doctor" for information about installing additional components.

In order to run your application, type:

  $ cd .
  $ flutter run

Your application code is in ./lib/main.dart.

exit code 0
